<?xml version="1.0" encoding="UTF-8"?>
<testng-results ignored="0" total="1" passed="1" failed="0" skipped="0">
  <reporter-output>
  </reporter-output>
  <suite started-at="2024-03-21T16:45:49 IST" name="Default suite" finished-at="2024-03-21T16:46:18 IST" duration-ms="28897">
    <groups>
      <group name="cucumber">
        <method signature="AbstractTestNGCucumberTests.runScenario(io.cucumber.testng.PickleWrapper,io.cucumber.testng.FeatureWrapper)[pri:0, instance:Runner.myrunner@3de8f619]" name="runScenario" class="io.cucumber.testng.AbstractTestNGCucumberTests"/>
      </group> <!-- cucumber -->
    </groups>
    <test started-at="2024-03-21T16:45:49 IST" name="Default test" finished-at="2024-03-21T16:46:18 IST" duration-ms="28897">
      <class name="Runner.myrunner">
        <test-method is-config="true" signature="setUpClass(org.testng.ITestContext)[pri:0, instance:Runner.myrunner@3de8f619]" started-at="2024-03-21T16:45:49 IST" name="setUpClass" finished-at="2024-03-21T16:45:50 IST" duration-ms="938" status="PASS">
          <params>
            <param index="0">
              <value>
                <![CDATA[org.testng.TestRunner@573870cb]]>
              </value>
            </param>
          </params>
          <reporter-output>
          </reporter-output>
        </test-method> <!-- setUpClass -->
        <test-method signature="runScenario(io.cucumber.testng.PickleWrapper,io.cucumber.testng.FeatureWrapper)[pri:0, instance:Runner.myrunner@3de8f619]" started-at="2024-03-21T16:45:50 IST" name="runScenario" description="Runs Cucumber Scenarios" data-provider="scenarios" finished-at="2024-03-21T16:46:16 IST" duration-ms="26113" status="PASS">
          <params>
            <param index="0">
              <value>
                <![CDATA["Testing Transfer between Accounts"]]>
              </value>
            </param>
            <param index="1">
              <value>
                <![CDATA["Testing dbankdemo Transfer between Accounts feature"]]>
              </value>
            </param>
          </params>
          <reporter-output>
          </reporter-output>
        </test-method> <!-- runScenario -->
        <test-method is-config="true" signature="tearDownClass()[pri:0, instance:Runner.myrunner@3de8f619]" started-at="2024-03-21T16:46:16 IST" name="tearDownClass" finished-at="2024-03-21T16:46:18 IST" duration-ms="1792" status="PASS">
          <reporter-output>
          </reporter-output>
        </test-method> <!-- tearDownClass -->
      </class> <!-- Runner.myrunner -->
    </test> <!-- Default test -->
  </suite> <!-- Default suite -->
</testng-results>
